{"level":"\u001b[32minfo\u001b[39m","message":"Server is running on port 5000","timestamp":"2024-11-14T11:51:08.377Z"}
{"level":"\u001b[32minfo\u001b[39m","message":"MongoDB Connected: localhost","timestamp":"2024-11-14T11:51:08.388Z"}
{"level":"\u001b[32minfo\u001b[39m","message":"Server is running on port 5000","timestamp":"2024-11-14T11:51:30.609Z"}
{"level":"\u001b[32minfo\u001b[39m","message":"MongoDB Connected: localhost","timestamp":"2024-11-14T11:51:30.620Z"}
{"level":"\u001b[32minfo\u001b[39m","message":"Server is running on port 5000","timestamp":"2024-11-14T11:51:32.511Z"}
{"level":"\u001b[32minfo\u001b[39m","message":"MongoDB Connected: localhost","timestamp":"2024-11-14T11:51:32.522Z"}
{"level":"\u001b[32minfo\u001b[39m","message":"Server is running on port 5000","timestamp":"2024-11-14T11:51:33.969Z"}
{"level":"\u001b[32minfo\u001b[39m","message":"MongoDB Connected: localhost","timestamp":"2024-11-14T11:51:33.981Z"}
{"level":"\u001b[32minfo\u001b[39m","message":"Server is running on port 5000","timestamp":"2024-11-14T11:51:35.089Z"}
{"level":"\u001b[32minfo\u001b[39m","message":"MongoDB Connected: localhost","timestamp":"2024-11-14T11:51:35.101Z"}
{"level":"\u001b[32minfo\u001b[39m","message":"Server is running on port 5000","timestamp":"2024-11-14T11:51:36.086Z"}
{"level":"\u001b[32minfo\u001b[39m","message":"MongoDB Connected: localhost","timestamp":"2024-11-14T11:51:36.098Z"}
{"level":"\u001b[32minfo\u001b[39m","message":"{\"method\":\"POST\",\"url\":\"/api/v1/public/login\",\"status\":\"200\",\"responseTime\":\"98.910\"}","timestamp":"2024-11-14T11:53:54.200Z"}
{"level":"\u001b[32minfo\u001b[39m","message":"Server is running on port 5000","timestamp":"2024-11-14T11:54:49.153Z"}
{"level":"\u001b[32minfo\u001b[39m","message":"MongoDB Connected: localhost","timestamp":"2024-11-14T11:54:49.164Z"}
{"level":"\u001b[32minfo\u001b[39m","message":"Server is running on port 5000","timestamp":"2024-11-14T11:54:51.931Z"}
{"level":"\u001b[32minfo\u001b[39m","message":"MongoDB Connected: localhost","timestamp":"2024-11-14T11:54:51.941Z"}
{"level":"\u001b[32minfo\u001b[39m","message":"{\"method\":\"GET\",\"url\":\"/api/v1/admin\",\"status\":\"401\",\"responseTime\":\"1.915\"}","timestamp":"2024-11-14T11:55:35.193Z"}
{"level":"\u001b[32minfo\u001b[39m","message":"Server is running on port 5000","timestamp":"2024-11-14T11:57:04.062Z"}
{"level":"\u001b[32minfo\u001b[39m","message":"MongoDB Connected: localhost","timestamp":"2024-11-14T11:57:04.073Z"}
{"level":"\u001b[32minfo\u001b[39m","message":"{\"method\":\"POST\",\"url\":\"/api/v1/public/login\",\"status\":\"200\",\"responseTime\":\"98.009\"}","timestamp":"2024-11-14T11:57:27.641Z"}
{"level":"\u001b[32minfo\u001b[39m","message":"{\"method\":\"GET\",\"url\":\"/docs/\",\"status\":\"304\",\"responseTime\":\"1.402\"}","timestamp":"2024-11-14T11:57:40.987Z"}
{"level":"\u001b[32minfo\u001b[39m","message":"{\"method\":\"GET\",\"url\":\"/docs/swagger-ui.css\",\"status\":\"304\",\"responseTime\":\"1.916\"}","timestamp":"2024-11-14T11:57:41.007Z"}
{"level":"\u001b[32minfo\u001b[39m","message":"{\"method\":\"GET\",\"url\":\"/docs/swagger-ui-bundle.js\",\"status\":\"304\",\"responseTime\":\"2.286\"}","timestamp":"2024-11-14T11:57:41.008Z"}
{"level":"\u001b[32minfo\u001b[39m","message":"{\"method\":\"GET\",\"url\":\"/docs/swagger-ui-standalone-preset.js\",\"status\":\"304\",\"responseTime\":\"0.347\"}","timestamp":"2024-11-14T11:57:41.010Z"}
{"level":"\u001b[32minfo\u001b[39m","message":"{\"method\":\"GET\",\"url\":\"/docs/swagger-ui-init.js\",\"status\":\"200\",\"responseTime\":\"0.320\"}","timestamp":"2024-11-14T11:57:41.012Z"}
{"level":"\u001b[32minfo\u001b[39m","message":"{\"method\":\"GET\",\"url\":\"/docs/favicon-32x32.png\",\"status\":\"304\",\"responseTime\":\"0.428\"}","timestamp":"2024-11-14T11:57:41.248Z"}
{"level":"\u001b[32minfo\u001b[39m","message":"{\"method\":\"GET\",\"url\":\"/docs/\",\"status\":\"304\",\"responseTime\":\"0.410\"}","timestamp":"2024-11-14T11:57:55.526Z"}
{"level":"\u001b[32minfo\u001b[39m","message":"{\"method\":\"GET\",\"url\":\"/docs/swagger-ui.css\",\"status\":\"304\",\"responseTime\":\"1.008\"}","timestamp":"2024-11-14T11:57:55.539Z"}
{"level":"\u001b[32minfo\u001b[39m","message":"{\"method\":\"GET\",\"url\":\"/docs/swagger-ui-bundle.js\",\"status\":\"304\",\"responseTime\":\"0.951\"}","timestamp":"2024-11-14T11:57:55.539Z"}
{"level":"\u001b[32minfo\u001b[39m","message":"{\"method\":\"GET\",\"url\":\"/docs/swagger-ui-standalone-preset.js\",\"status\":\"304\",\"responseTime\":\"0.408\"}","timestamp":"2024-11-14T11:57:55.541Z"}
{"level":"\u001b[32minfo\u001b[39m","message":"{\"method\":\"GET\",\"url\":\"/docs/swagger-ui-init.js\",\"status\":\"304\",\"responseTime\":\"0.287\"}","timestamp":"2024-11-14T11:57:55.542Z"}
{"level":"\u001b[32minfo\u001b[39m","message":"{\"method\":\"GET\",\"url\":\"/docs/favicon-32x32.png\",\"status\":\"304\",\"responseTime\":\"0.361\"}","timestamp":"2024-11-14T11:57:55.689Z"}
{"level":"\u001b[32minfo\u001b[39m","message":"Server is running on port 5000","timestamp":"2024-11-14T11:58:06.165Z"}
{"level":"\u001b[32minfo\u001b[39m","message":"MongoDB Connected: localhost","timestamp":"2024-11-14T11:58:06.178Z"}
{"level":"\u001b[32minfo\u001b[39m","message":"Server is running on port 5000","timestamp":"2024-11-14T11:58:18.369Z"}
{"level":"\u001b[32minfo\u001b[39m","message":"MongoDB Connected: localhost","timestamp":"2024-11-14T11:58:18.380Z"}
{"level":"\u001b[32minfo\u001b[39m","message":"{\"method\":\"GET\",\"url\":\"/docs/\",\"status\":\"304\",\"responseTime\":\"3.659\"}","timestamp":"2024-11-14T11:58:21.542Z"}
{"level":"\u001b[32minfo\u001b[39m","message":"{\"method\":\"GET\",\"url\":\"/docs/swagger-ui.css\",\"status\":\"304\",\"responseTime\":\"1.706\"}","timestamp":"2024-11-14T11:58:21.556Z"}
{"level":"\u001b[32minfo\u001b[39m","message":"{\"method\":\"GET\",\"url\":\"/docs/swagger-ui-bundle.js\",\"status\":\"304\",\"responseTime\":\"1.762\"}","timestamp":"2024-11-14T11:58:21.557Z"}
{"level":"\u001b[32minfo\u001b[39m","message":"{\"method\":\"GET\",\"url\":\"/docs/swagger-ui-standalone-preset.js\",\"status\":\"304\",\"responseTime\":\"0.404\"}","timestamp":"2024-11-14T11:58:21.559Z"}
{"level":"\u001b[32minfo\u001b[39m","message":"{\"method\":\"GET\",\"url\":\"/docs/swagger-ui-init.js\",\"status\":\"304\",\"responseTime\":\"0.255\"}","timestamp":"2024-11-14T11:58:21.561Z"}
{"level":"\u001b[32minfo\u001b[39m","message":"{\"method\":\"GET\",\"url\":\"/docs/favicon-32x32.png\",\"status\":\"304\",\"responseTime\":\"0.338\"}","timestamp":"2024-11-14T11:58:21.701Z"}
{"level":"\u001b[32minfo\u001b[39m","message":"{\"method\":\"GET\",\"url\":\"/api/v1/admin\",\"status\":\"401\",\"responseTime\":\"0.596\"}","timestamp":"2024-11-14T11:58:25.520Z"}
{"level":"\u001b[32minfo\u001b[39m","message":"Server is running on port 5000","timestamp":"2024-11-14T12:00:08.728Z"}
{"level":"\u001b[32minfo\u001b[39m","message":"MongoDB Connected: localhost","timestamp":"2024-11-14T12:00:08.739Z"}
{"level":"\u001b[32minfo\u001b[39m","message":"{\"method\":\"GET\",\"url\":\"/docs/\",\"status\":\"304\",\"responseTime\":\"2.949\"}","timestamp":"2024-11-14T12:00:18.084Z"}
{"level":"\u001b[32minfo\u001b[39m","message":"{\"method\":\"GET\",\"url\":\"/docs/swagger-ui.css\",\"status\":\"304\",\"responseTime\":\"1.775\"}","timestamp":"2024-11-14T12:00:18.105Z"}
{"level":"\u001b[32minfo\u001b[39m","message":"{\"method\":\"GET\",\"url\":\"/docs/swagger-ui-bundle.js\",\"status\":\"304\",\"responseTime\":\"1.765\"}","timestamp":"2024-11-14T12:00:18.106Z"}
{"level":"\u001b[32minfo\u001b[39m","message":"{\"method\":\"GET\",\"url\":\"/docs/swagger-ui-init.js\",\"status\":\"200\",\"responseTime\":\"0.499\"}","timestamp":"2024-11-14T12:00:18.109Z"}
{"level":"\u001b[32minfo\u001b[39m","message":"{\"method\":\"GET\",\"url\":\"/docs/swagger-ui-standalone-preset.js\",\"status\":\"304\",\"responseTime\":\"2.638\"}","timestamp":"2024-11-14T12:00:18.110Z"}
{"level":"\u001b[32minfo\u001b[39m","message":"{\"method\":\"GET\",\"url\":\"/docs/favicon-32x32.png\",\"status\":\"304\",\"responseTime\":\"0.362\"}","timestamp":"2024-11-14T12:00:18.237Z"}
{"level":"\u001b[32minfo\u001b[39m","message":"{\"method\":\"GET\",\"url\":\"/api/v1/admin\",\"status\":\"401\",\"responseTime\":\"0.569\"}","timestamp":"2024-11-14T12:00:22.020Z"}
{"level":"\u001b[32minfo\u001b[39m","message":"{\"method\":\"GET\",\"url\":\"/api/v1/admin\",\"status\":\"401\",\"responseTime\":\"0.279\"}","timestamp":"2024-11-14T12:00:22.803Z"}
{"level":"\u001b[32minfo\u001b[39m","message":"{\"method\":\"GET\",\"url\":\"/api/v1/admin\",\"status\":\"401\",\"responseTime\":\"0.240\"}","timestamp":"2024-11-14T12:00:24.968Z"}
{"level":"\u001b[32minfo\u001b[39m","message":"Server is running on port 5000","timestamp":"2024-11-14T12:03:05.668Z"}
{"level":"\u001b[32minfo\u001b[39m","message":"MongoDB Connected: localhost","timestamp":"2024-11-14T12:03:05.679Z"}
{"level":"\u001b[32minfo\u001b[39m","message":"Server is running on port 5000","timestamp":"2024-11-14T12:03:11.811Z"}
{"level":"\u001b[32minfo\u001b[39m","message":"MongoDB Connected: localhost","timestamp":"2024-11-14T12:03:11.825Z"}
{"level":"\u001b[32minfo\u001b[39m","message":"Server is running on port 5000","timestamp":"2024-11-14T12:03:14.598Z"}
{"level":"\u001b[32minfo\u001b[39m","message":"MongoDB Connected: localhost","timestamp":"2024-11-14T12:03:14.609Z"}
{"level":"\u001b[32minfo\u001b[39m","message":"Server is running on port 5000","timestamp":"2024-11-14T12:03:15.791Z"}
{"level":"\u001b[32minfo\u001b[39m","message":"MongoDB Connected: localhost","timestamp":"2024-11-14T12:03:15.803Z"}
{"level":"\u001b[32minfo\u001b[39m","message":"Server is running on port 5000","timestamp":"2024-11-14T12:03:43.386Z"}
{"level":"\u001b[32minfo\u001b[39m","message":"MongoDB Connected: localhost","timestamp":"2024-11-14T12:03:43.403Z"}
{"level":"\u001b[32minfo\u001b[39m","message":"Server is running on port 5000","timestamp":"2024-11-14T12:04:20.184Z"}
{"level":"\u001b[32minfo\u001b[39m","message":"MongoDB Connected: localhost","timestamp":"2024-11-14T12:04:20.195Z"}
{"level":"\u001b[32minfo\u001b[39m","message":"{\"method\":\"GET\",\"url\":\"/docs/\",\"status\":\"304\",\"responseTime\":\"2.776\"}","timestamp":"2024-11-14T12:04:31.808Z"}
{"level":"\u001b[32minfo\u001b[39m","message":"{\"method\":\"GET\",\"url\":\"/docs/swagger-ui.css\",\"status\":\"304\",\"responseTime\":\"1.378\"}","timestamp":"2024-11-14T12:04:31.832Z"}
{"level":"\u001b[32minfo\u001b[39m","message":"{\"method\":\"GET\",\"url\":\"/docs/swagger-ui-bundle.js\",\"status\":\"304\",\"responseTime\":\"1.549\"}","timestamp":"2024-11-14T12:04:31.833Z"}
{"level":"\u001b[32minfo\u001b[39m","message":"{\"method\":\"GET\",\"url\":\"/docs/swagger-ui-init.js\",\"status\":\"200\",\"responseTime\":\"0.542\"}","timestamp":"2024-11-14T12:04:31.835Z"}
{"level":"\u001b[32minfo\u001b[39m","message":"{\"method\":\"GET\",\"url\":\"/docs/swagger-ui-standalone-preset.js\",\"status\":\"304\",\"responseTime\":\"0.546\"}","timestamp":"2024-11-14T12:04:31.837Z"}
{"level":"\u001b[32minfo\u001b[39m","message":"{\"method\":\"GET\",\"url\":\"/docs/favicon-32x32.png\",\"status\":\"304\",\"responseTime\":\"0.270\"}","timestamp":"2024-11-14T12:04:32.076Z"}
{"level":"\u001b[32minfo\u001b[39m","message":"{\"method\":\"GET\",\"url\":\"/docs/\",\"status\":\"304\",\"responseTime\":\"0.434\"}","timestamp":"2024-11-14T12:04:36.042Z"}
{"level":"\u001b[32minfo\u001b[39m","message":"{\"method\":\"GET\",\"url\":\"/docs/swagger-ui.css\",\"status\":\"304\",\"responseTime\":\"0.909\"}","timestamp":"2024-11-14T12:04:36.059Z"}
{"level":"\u001b[32minfo\u001b[39m","message":"{\"method\":\"GET\",\"url\":\"/docs/swagger-ui-bundle.js\",\"status\":\"304\",\"responseTime\":\"1.113\"}","timestamp":"2024-11-14T12:04:36.060Z"}
{"level":"\u001b[32minfo\u001b[39m","message":"{\"method\":\"GET\",\"url\":\"/docs/swagger-ui-standalone-preset.js\",\"status\":\"304\",\"responseTime\":\"0.356\"}","timestamp":"2024-11-14T12:04:36.061Z"}
{"level":"\u001b[32minfo\u001b[39m","message":"{\"method\":\"GET\",\"url\":\"/docs/swagger-ui-init.js\",\"status\":\"304\",\"responseTime\":\"0.347\"}","timestamp":"2024-11-14T12:04:36.063Z"}
{"level":"\u001b[32minfo\u001b[39m","message":"{\"method\":\"POST\",\"url\":\"/api/v1/public/login\",\"status\":\"200\",\"responseTime\":\"98.109\"}","timestamp":"2024-11-14T12:05:01.854Z"}
{"level":"\u001b[32minfo\u001b[39m","message":"{\"method\":\"GET\",\"url\":\"/api/v1/admin\",\"status\":\"401\",\"responseTime\":\"0.394\"}","timestamp":"2024-11-14T12:05:18.761Z"}
{"level":"\u001b[32minfo\u001b[39m","message":"Server is running on port 5000","timestamp":"2024-11-14T12:07:06.092Z"}
{"level":"\u001b[32minfo\u001b[39m","message":"MongoDB Connected: localhost","timestamp":"2024-11-14T12:07:06.106Z"}
{"level":"\u001b[32minfo\u001b[39m","message":"Server is running on port 5000","timestamp":"2024-11-14T12:07:10.064Z"}
{"level":"\u001b[32minfo\u001b[39m","message":"MongoDB Connected: localhost","timestamp":"2024-11-14T12:07:10.076Z"}
{"level":"\u001b[32minfo\u001b[39m","message":"{\"method\":\"GET\",\"url\":\"/docs/\",\"status\":\"304\",\"responseTime\":\"2.818\"}","timestamp":"2024-11-14T12:07:14.861Z"}
{"level":"\u001b[32minfo\u001b[39m","message":"{\"method\":\"GET\",\"url\":\"/docs/swagger-ui.css\",\"status\":\"304\",\"responseTime\":\"1.428\"}","timestamp":"2024-11-14T12:07:14.880Z"}
{"level":"\u001b[32minfo\u001b[39m","message":"{\"method\":\"GET\",\"url\":\"/docs/swagger-ui-bundle.js\",\"status\":\"304\",\"responseTime\":\"1.712\"}","timestamp":"2024-11-14T12:07:14.881Z"}
{"level":"\u001b[32minfo\u001b[39m","message":"{\"method\":\"GET\",\"url\":\"/docs/swagger-ui-standalone-preset.js\",\"status\":\"304\",\"responseTime\":\"0.525\"}","timestamp":"2024-11-14T12:07:14.884Z"}
{"level":"\u001b[32minfo\u001b[39m","message":"{\"method\":\"GET\",\"url\":\"/docs/swagger-ui-init.js\",\"status\":\"304\",\"responseTime\":\"0.355\"}","timestamp":"2024-11-14T12:07:14.885Z"}
{"level":"\u001b[32minfo\u001b[39m","message":"{\"method\":\"GET\",\"url\":\"/docs/favicon-32x32.png\",\"status\":\"304\",\"responseTime\":\"0.503\"}","timestamp":"2024-11-14T12:07:15.132Z"}
{"level":"\u001b[32minfo\u001b[39m","message":"{\"method\":\"GET\",\"url\":\"/docs/\",\"status\":\"304\",\"responseTime\":\"0.462\"}","timestamp":"2024-11-14T12:09:10.092Z"}
{"level":"\u001b[32minfo\u001b[39m","message":"{\"method\":\"GET\",\"url\":\"/docs/swagger-ui.css\",\"status\":\"304\",\"responseTime\":\"0.655\"}","timestamp":"2024-11-14T12:09:10.148Z"}
{"level":"\u001b[32minfo\u001b[39m","message":"{\"method\":\"GET\",\"url\":\"/docs/swagger-ui-bundle.js\",\"status\":\"304\",\"responseTime\":\"0.710\"}","timestamp":"2024-11-14T12:09:10.150Z"}
{"level":"\u001b[32minfo\u001b[39m","message":"{\"method\":\"GET\",\"url\":\"/docs/swagger-ui-standalone-preset.js\",\"status\":\"304\",\"responseTime\":\"0.440\"}","timestamp":"2024-11-14T12:09:10.152Z"}
{"level":"\u001b[32minfo\u001b[39m","message":"{\"method\":\"GET\",\"url\":\"/docs/swagger-ui-init.js\",\"status\":\"304\",\"responseTime\":\"0.297\"}","timestamp":"2024-11-14T12:09:10.154Z"}
{"level":"\u001b[32minfo\u001b[39m","message":"{\"method\":\"POST\",\"url\":\"/api/v1/public/login\",\"status\":\"200\",\"responseTime\":\"94.898\"}","timestamp":"2024-11-14T12:09:45.846Z"}
{"level":"\u001b[32minfo\u001b[39m","message":"{\"method\":\"GET\",\"url\":\"/docs/\",\"status\":\"304\",\"responseTime\":\"0.451\"}","timestamp":"2024-11-14T12:17:29.594Z"}
{"level":"\u001b[32minfo\u001b[39m","message":"{\"method\":\"GET\",\"url\":\"/docs/swagger-ui.css\",\"status\":\"304\",\"responseTime\":\"0.419\"}","timestamp":"2024-11-14T12:17:29.648Z"}
{"level":"\u001b[32minfo\u001b[39m","message":"{\"method\":\"GET\",\"url\":\"/docs/swagger-ui-bundle.js\",\"status\":\"304\",\"responseTime\":\"0.420\"}","timestamp":"2024-11-14T12:17:29.649Z"}
{"level":"\u001b[32minfo\u001b[39m","message":"{\"method\":\"GET\",\"url\":\"/docs/swagger-ui-standalone-preset.js\",\"status\":\"304\",\"responseTime\":\"0.280\"}","timestamp":"2024-11-14T12:17:29.650Z"}
{"level":"\u001b[32minfo\u001b[39m","message":"{\"method\":\"GET\",\"url\":\"/docs/swagger-ui-init.js\",\"status\":\"304\",\"responseTime\":\"0.243\"}","timestamp":"2024-11-14T12:17:29.652Z"}
{"level":"\u001b[32minfo\u001b[39m","message":"{\"method\":\"GET\",\"url\":\"/docs/favicon-32x32.png\",\"status\":\"304\",\"responseTime\":\"0.437\"}","timestamp":"2024-11-14T12:17:29.893Z"}
{"level":"\u001b[32minfo\u001b[39m","message":"{\"method\":\"GET\",\"url\":\"/docs/\",\"status\":\"304\",\"responseTime\":\"0.336\"}","timestamp":"2024-11-14T12:17:32.933Z"}
{"level":"\u001b[32minfo\u001b[39m","message":"{\"method\":\"GET\",\"url\":\"/docs/swagger-ui-init.js\",\"status\":\"304\",\"responseTime\":\"0.171\"}","timestamp":"2024-11-14T12:17:32.952Z"}
{"level":"\u001b[32minfo\u001b[39m","message":"{\"method\":\"GET\",\"url\":\"/docs/swagger-ui.css\",\"status\":\"304\",\"responseTime\":\"1.678\"}","timestamp":"2024-11-14T12:17:32.953Z"}
{"level":"\u001b[32minfo\u001b[39m","message":"{\"method\":\"GET\",\"url\":\"/docs/swagger-ui-bundle.js\",\"status\":\"304\",\"responseTime\":\"1.816\"}","timestamp":"2024-11-14T12:17:32.954Z"}
{"level":"\u001b[32minfo\u001b[39m","message":"{\"method\":\"GET\",\"url\":\"/docs/swagger-ui-standalone-preset.js\",\"status\":\"304\",\"responseTime\":\"2.020\"}","timestamp":"2024-11-14T12:17:32.954Z"}
{"level":"\u001b[32minfo\u001b[39m","message":"{\"method\":\"POST\",\"url\":\"/api/v1/public/login\",\"status\":\"200\",\"responseTime\":\"68.104\"}","timestamp":"2024-11-14T12:17:54.699Z"}
{"level":"\u001b[32minfo\u001b[39m","message":"Server is running on port 5000","timestamp":"2024-11-14T12:21:11.605Z"}
{"level":"\u001b[32minfo\u001b[39m","message":"MongoDB Connected: localhost","timestamp":"2024-11-14T12:21:11.616Z"}
{"level":"\u001b[32minfo\u001b[39m","message":"Server is running on port 5000","timestamp":"2024-11-14T12:22:44.833Z"}
{"level":"\u001b[32minfo\u001b[39m","message":"MongoDB Connected: localhost","timestamp":"2024-11-14T12:22:44.844Z"}
{"level":"\u001b[32minfo\u001b[39m","message":"Server is running on port 5000","timestamp":"2024-11-14T12:23:57.975Z"}
{"level":"\u001b[32minfo\u001b[39m","message":"MongoDB Connected: localhost","timestamp":"2024-11-14T12:23:57.993Z"}
{"level":"\u001b[32minfo\u001b[39m","message":"Server is running on port 5000","timestamp":"2024-11-14T12:28:30.443Z"}
{"level":"\u001b[32minfo\u001b[39m","message":"MongoDB Connected: localhost","timestamp":"2024-11-14T12:28:30.471Z"}
{"level":"\u001b[32minfo\u001b[39m","message":"{\"method\":\"GET\",\"url\":\"/api/v1/doctors/locations\",\"status\":\"401\",\"responseTime\":\"2.538\"}","timestamp":"2024-11-14T12:39:32.206Z"}
{"level":"\u001b[32minfo\u001b[39m","message":"{\"method\":\"GET\",\"url\":\"/api/v1/doctors\",\"status\":\"401\",\"responseTime\":\"0.939\"}","timestamp":"2024-11-14T12:39:32.209Z"}
{"level":"\u001b[32minfo\u001b[39m","message":"{\"method\":\"GET\",\"url\":\"/api/v1/auth/user\",\"status\":\"401\",\"responseTime\":\"1.435\"}","timestamp":"2024-11-14T12:39:32.351Z"}
{"level":"\u001b[32minfo\u001b[39m","message":"{\"method\":\"POST\",\"url\":\"/api/v1/public/login\",\"status\":\"200\",\"responseTime\":\"347.373\"}","timestamp":"2024-11-14T12:40:09.732Z"}
{"level":"\u001b[32minfo\u001b[39m","message":"{\"method\":\"GET\",\"url\":\"/api/v1/admin/users\",\"status\":\"401\",\"responseTime\":\"0.335\"}","timestamp":"2024-11-14T12:40:24.132Z"}
{"level":"\u001b[32minfo\u001b[39m","message":"{\"method\":\"GET\",\"url\":\"/api/v1/doctors\",\"status\":\"401\",\"responseTime\":\"0.255\"}","timestamp":"2024-11-14T12:40:50.240Z"}
{"level":"\u001b[32minfo\u001b[39m","message":"{\"method\":\"GET\",\"url\":\"/api/v1/admin\",\"status\":\"401\",\"responseTime\":\"0.181\"}","timestamp":"2024-11-14T12:42:02.750Z"}
{"level":"\u001b[32minfo\u001b[39m","message":"Server is running on port 5000","timestamp":"2024-11-14T12:49:02.443Z"}
{"level":"\u001b[32minfo\u001b[39m","message":"MongoDB Connected: localhost","timestamp":"2024-11-14T12:49:02.454Z"}
{"level":"\u001b[32minfo\u001b[39m","message":"Server is running on port 5000","timestamp":"2024-11-14T12:49:05.962Z"}
{"level":"\u001b[32minfo\u001b[39m","message":"MongoDB Connected: localhost","timestamp":"2024-11-14T12:49:05.973Z"}
{"level":"\u001b[32minfo\u001b[39m","message":"Server is running on port 5000","timestamp":"2024-11-14T12:49:39.086Z"}
{"level":"\u001b[32minfo\u001b[39m","message":"MongoDB Connected: localhost","timestamp":"2024-11-14T12:49:39.099Z"}
{"level":"\u001b[32minfo\u001b[39m","message":"Server is running on port 5000","timestamp":"2024-11-14T12:49:53.604Z"}
{"level":"\u001b[32minfo\u001b[39m","message":"MongoDB Connected: localhost","timestamp":"2024-11-14T12:49:53.617Z"}
{"level":"\u001b[32minfo\u001b[39m","message":"Server is running on port 5000","timestamp":"2024-11-14T12:50:06.428Z"}
{"level":"\u001b[32minfo\u001b[39m","message":"MongoDB Connected: localhost","timestamp":"2024-11-14T12:50:06.441Z"}
{"level":"\u001b[32minfo\u001b[39m","message":"Server is running on port 5000","timestamp":"2024-11-14T12:50:08.929Z"}
{"level":"\u001b[32minfo\u001b[39m","message":"MongoDB Connected: localhost","timestamp":"2024-11-14T12:50:08.943Z"}
{"level":"\u001b[32minfo\u001b[39m","message":"Server is running on port 5000","timestamp":"2024-11-14T12:50:13.581Z"}
{"level":"\u001b[32minfo\u001b[39m","message":"MongoDB Connected: localhost","timestamp":"2024-11-14T12:50:13.594Z"}
{"level":"\u001b[32minfo\u001b[39m","message":"Server is running on port 5000","timestamp":"2024-11-14T12:50:16.548Z"}
{"level":"\u001b[32minfo\u001b[39m","message":"MongoDB Connected: localhost","timestamp":"2024-11-14T12:50:16.562Z"}
{"level":"\u001b[32minfo\u001b[39m","message":"Server is running on port 5000","timestamp":"2024-11-14T12:50:45.845Z"}
{"level":"\u001b[32minfo\u001b[39m","message":"MongoDB Connected: localhost","timestamp":"2024-11-14T12:50:45.859Z"}
{"level":"\u001b[32minfo\u001b[39m","message":"Server is running on port 5000","timestamp":"2024-11-14T12:50:54.873Z"}
{"level":"\u001b[32minfo\u001b[39m","message":"MongoDB Connected: localhost","timestamp":"2024-11-14T12:50:54.888Z"}
{"level":"\u001b[32minfo\u001b[39m","message":"Server is running on port 5000","timestamp":"2024-11-14T12:50:56.784Z"}
{"level":"\u001b[32minfo\u001b[39m","message":"MongoDB Connected: localhost","timestamp":"2024-11-14T12:50:56.797Z"}
{"level":"\u001b[32minfo\u001b[39m","message":"Server is running on port 5000","timestamp":"2024-11-14T12:50:57.980Z"}
{"level":"\u001b[32minfo\u001b[39m","message":"MongoDB Connected: localhost","timestamp":"2024-11-14T12:50:57.993Z"}
{"level":"\u001b[32minfo\u001b[39m","message":"Server is running on port 5000","timestamp":"2024-11-14T12:51:20.186Z"}
{"level":"\u001b[32minfo\u001b[39m","message":"MongoDB Connected: localhost","timestamp":"2024-11-14T12:51:20.200Z"}
{"level":"\u001b[32minfo\u001b[39m","message":"Server is running on port 5000","timestamp":"2024-11-14T12:51:25.281Z"}
{"level":"\u001b[32minfo\u001b[39m","message":"MongoDB Connected: localhost","timestamp":"2024-11-14T12:51:25.293Z"}
{"level":"\u001b[32minfo\u001b[39m","message":"Server is running on port 5000","timestamp":"2024-11-14T12:51:31.304Z"}
{"level":"\u001b[32minfo\u001b[39m","message":"MongoDB Connected: localhost","timestamp":"2024-11-14T12:51:31.319Z"}
{"level":"\u001b[32minfo\u001b[39m","message":"Server is running on port 5000","timestamp":"2024-11-14T12:51:34.802Z"}
{"level":"\u001b[32minfo\u001b[39m","message":"MongoDB Connected: localhost","timestamp":"2024-11-14T12:51:34.815Z"}
{"level":"\u001b[32minfo\u001b[39m","message":"Server is running on port 5000","timestamp":"2024-11-14T12:51:39.444Z"}
{"level":"\u001b[32minfo\u001b[39m","message":"MongoDB Connected: localhost","timestamp":"2024-11-14T12:51:39.457Z"}
{"level":"\u001b[32minfo\u001b[39m","message":"Server is running on port 5000","timestamp":"2024-11-14T12:51:46.309Z"}
{"level":"\u001b[32minfo\u001b[39m","message":"MongoDB Connected: localhost","timestamp":"2024-11-14T12:51:46.322Z"}
{"level":"\u001b[32minfo\u001b[39m","message":"Server is running on port 5000","timestamp":"2024-11-14T12:52:18.116Z"}
{"level":"\u001b[32minfo\u001b[39m","message":"MongoDB Connected: localhost","timestamp":"2024-11-14T12:52:18.130Z"}
{"level":"\u001b[32minfo\u001b[39m","message":"{\"method\":\"GET\",\"url\":\"/api/v1/admin\",\"status\":\"401\",\"responseTime\":\"1.790\"}","timestamp":"2024-11-14T12:53:15.225Z"}
{"level":"\u001b[32minfo\u001b[39m","message":"{\"method\":\"GET\",\"url\":\"/api/v1/doctors\",\"status\":\"401\",\"responseTime\":\"0.398\"}","timestamp":"2024-11-14T12:53:19.954Z"}
{"level":"\u001b[32minfo\u001b[39m","message":"Server is running on port 5000","timestamp":"2024-11-14T12:54:09.708Z"}
{"level":"\u001b[32minfo\u001b[39m","message":"MongoDB Connected: localhost","timestamp":"2024-11-14T12:54:09.719Z"}
{"level":"\u001b[32minfo\u001b[39m","message":"Server is running on port 5000","timestamp":"2024-11-14T12:54:20.865Z"}
{"level":"\u001b[32minfo\u001b[39m","message":"MongoDB Connected: localhost","timestamp":"2024-11-14T12:54:20.879Z"}
{"level":"\u001b[32minfo\u001b[39m","message":"{\"method\":\"GET\",\"url\":\"/api/v1/admin\",\"status\":\"200\",\"responseTime\":\"101.435\"}","timestamp":"2024-11-14T12:54:32.204Z"}
{"level":"\u001b[32minfo\u001b[39m","message":"Server is running on port 5000","timestamp":"2024-11-14T12:54:56.708Z"}
{"level":"\u001b[32minfo\u001b[39m","message":"MongoDB Connected: localhost","timestamp":"2024-11-14T12:54:56.721Z"}
{"level":"\u001b[32minfo\u001b[39m","message":"Server is running on port 5000","timestamp":"2024-11-14T12:55:14.701Z"}
{"level":"\u001b[32minfo\u001b[39m","message":"MongoDB Connected: localhost","timestamp":"2024-11-14T12:55:14.714Z"}
{"level":"\u001b[32minfo\u001b[39m","message":"Server is running on port 5000","timestamp":"2024-11-14T12:55:26.574Z"}
{"level":"\u001b[32minfo\u001b[39m","message":"MongoDB Connected: localhost","timestamp":"2024-11-14T12:55:26.588Z"}
{"level":"\u001b[32minfo\u001b[39m","message":"Server is running on port 5000","timestamp":"2024-11-14T12:55:31.282Z"}
{"level":"\u001b[32minfo\u001b[39m","message":"MongoDB Connected: localhost","timestamp":"2024-11-14T12:55:31.296Z"}
{"level":"\u001b[32minfo\u001b[39m","message":"{\"method\":\"GET\",\"url\":\"/api/v1/admin\",\"status\":\"401\",\"responseTime\":\"2.647\"}","timestamp":"2024-11-14T12:55:39.725Z"}
{"level":"\u001b[32minfo\u001b[39m","message":"Server is running on port 5000","timestamp":"2024-11-14T12:55:48.012Z"}
{"level":"\u001b[32minfo\u001b[39m","message":"MongoDB Connected: localhost","timestamp":"2024-11-14T12:55:48.028Z"}
{"level":"\u001b[32minfo\u001b[39m","message":"Server is running on port 5000","timestamp":"2024-11-14T12:56:14.339Z"}
{"level":"\u001b[32minfo\u001b[39m","message":"MongoDB Connected: localhost","timestamp":"2024-11-14T12:56:14.350Z"}
{"level":"\u001b[32minfo\u001b[39m","message":"{\"method\":\"GET\",\"url\":\"/api/v1/doctors\",\"status\":\"401\",\"responseTime\":\"3.015\"}","timestamp":"2024-11-14T12:56:22.018Z"}
{"level":"\u001b[32minfo\u001b[39m","message":"{\"method\":\"GET\",\"url\":\"/api/v1/admin\",\"status\":\"401\",\"responseTime\":\"2.840\"}","timestamp":"2024-11-14T12:56:40.753Z"}
{"level":"\u001b[32minfo\u001b[39m","message":"Server is running on port 5000","timestamp":"2024-11-14T12:57:22.745Z"}
{"level":"\u001b[32minfo\u001b[39m","message":"MongoDB Connected: localhost","timestamp":"2024-11-14T12:57:22.757Z"}
{"level":"\u001b[32minfo\u001b[39m","message":"Server is running on port 5000","timestamp":"2024-11-14T12:57:24.474Z"}
{"level":"\u001b[32minfo\u001b[39m","message":"MongoDB Connected: localhost","timestamp":"2024-11-14T12:57:24.488Z"}
{"level":"\u001b[32minfo\u001b[39m","message":"{\"method\":\"GET\",\"url\":\"/api/v1/admin\",\"status\":\"401\",\"responseTime\":\"2.733\"}","timestamp":"2024-11-14T13:14:21.934Z"}
{"level":"\u001b[32minfo\u001b[39m","message":"{\"method\":\"GET\",\"url\":\"/api/v1/doctors\",\"status\":\"401\",\"responseTime\":\"0.534\"}","timestamp":"2024-11-14T13:14:25.937Z"}
{"level":"\u001b[32minfo\u001b[39m","message":"Server is running on port 5000","timestamp":"2024-11-14T13:18:21.756Z"}
{"level":"\u001b[32minfo\u001b[39m","message":"MongoDB Connected: localhost","timestamp":"2024-11-14T13:18:21.767Z"}
{"level":"\u001b[32minfo\u001b[39m","message":"{\"method\":\"POST\",\"url\":\"/api/v1/public/login\",\"status\":\"200\",\"responseTime\":\"158.387\"}","timestamp":"2024-11-14T13:19:43.469Z"}
{"level":"\u001b[32minfo\u001b[39m","message":"{\"method\":\"POST\",\"url\":\"/api/v1/public/login\",\"status\":\"200\",\"responseTime\":\"92.392\"}","timestamp":"2024-11-14T13:20:41.920Z"}
{"level":"\u001b[32minfo\u001b[39m","message":"{\"method\":\"POST\",\"url\":\"/api/v1/public/login\",\"status\":\"200\",\"responseTime\":\"102.544\"}","timestamp":"2024-11-14T13:22:26.956Z"}
{"level":"\u001b[32minfo\u001b[39m","message":"Server is running on port 5000","timestamp":"2024-11-14T13:25:31.873Z"}
{"level":"\u001b[32minfo\u001b[39m","message":"MongoDB Connected: localhost","timestamp":"2024-11-14T13:25:31.887Z"}
{"level":"\u001b[32minfo\u001b[39m","message":"Server is running on port 5000","timestamp":"2024-11-14T13:27:49.779Z"}
{"level":"\u001b[32minfo\u001b[39m","message":"MongoDB Connected: localhost","timestamp":"2024-11-14T13:27:49.792Z"}
{"level":"\u001b[32minfo\u001b[39m","message":"Server is running on port 5000","timestamp":"2024-11-14T13:27:52.249Z"}
{"level":"\u001b[32minfo\u001b[39m","message":"MongoDB Connected: localhost","timestamp":"2024-11-14T13:27:52.263Z"}
{"level":"\u001b[32minfo\u001b[39m","message":"Server is running on port 5000","timestamp":"2024-11-14T13:30:38.328Z"}
{"level":"\u001b[32minfo\u001b[39m","message":"MongoDB Connected: localhost","timestamp":"2024-11-14T13:30:38.340Z"}
{"level":"\u001b[32minfo\u001b[39m","message":"Server is running on port 5000","timestamp":"2024-11-14T13:31:39.851Z"}
{"level":"\u001b[32minfo\u001b[39m","message":"MongoDB Connected: localhost","timestamp":"2024-11-14T13:31:39.864Z"}
{"level":"\u001b[32minfo\u001b[39m","message":"Server is running on port 5000","timestamp":"2024-11-14T13:31:45.736Z"}
{"level":"\u001b[32minfo\u001b[39m","message":"MongoDB Connected: localhost","timestamp":"2024-11-14T13:31:45.750Z"}
{"level":"\u001b[32minfo\u001b[39m","message":"Server is running on port 5000","timestamp":"2024-11-14T13:31:50.783Z"}
{"level":"\u001b[32minfo\u001b[39m","message":"MongoDB Connected: localhost","timestamp":"2024-11-14T13:31:50.795Z"}
{"level":"\u001b[32minfo\u001b[39m","message":"Server is running on port 5000","timestamp":"2024-11-14T13:31:53.946Z"}
{"level":"\u001b[32minfo\u001b[39m","message":"MongoDB Connected: localhost","timestamp":"2024-11-14T13:31:53.960Z"}
{"level":"\u001b[32minfo\u001b[39m","message":"Server is running on port 5000","timestamp":"2024-11-14T13:31:55.037Z"}
{"level":"\u001b[32minfo\u001b[39m","message":"MongoDB Connected: localhost","timestamp":"2024-11-14T13:31:55.050Z"}
{"level":"\u001b[32minfo\u001b[39m","message":"Server is running on port 5000","timestamp":"2024-11-14T13:32:04.600Z"}
{"level":"\u001b[32minfo\u001b[39m","message":"MongoDB Connected: localhost","timestamp":"2024-11-14T13:32:04.612Z"}
{"level":"\u001b[32minfo\u001b[39m","message":"Server is running on port 5000","timestamp":"2024-11-14T13:32:07.377Z"}
{"level":"\u001b[32minfo\u001b[39m","message":"MongoDB Connected: localhost","timestamp":"2024-11-14T13:32:07.391Z"}
{"level":"\u001b[32minfo\u001b[39m","message":"Server is running on port 5000","timestamp":"2024-11-14T13:32:12.208Z"}
{"level":"\u001b[32minfo\u001b[39m","message":"MongoDB Connected: localhost","timestamp":"2024-11-14T13:32:12.221Z"}
{"level":"\u001b[32minfo\u001b[39m","message":"Server is running on port 5000","timestamp":"2024-11-14T13:32:15.208Z"}
{"level":"\u001b[32minfo\u001b[39m","message":"MongoDB Connected: localhost","timestamp":"2024-11-14T13:32:15.221Z"}
{"level":"\u001b[32minfo\u001b[39m","message":"Server is running on port 5000","timestamp":"2024-11-14T13:32:22.791Z"}
{"level":"\u001b[32minfo\u001b[39m","message":"MongoDB Connected: localhost","timestamp":"2024-11-14T13:32:22.806Z"}
{"level":"\u001b[32minfo\u001b[39m","message":"Server is running on port 5000","timestamp":"2024-11-14T13:32:24.049Z"}
{"level":"\u001b[32minfo\u001b[39m","message":"MongoDB Connected: localhost","timestamp":"2024-11-14T13:32:24.062Z"}
{"level":"\u001b[32minfo\u001b[39m","message":"Server is running on port 5000","timestamp":"2024-11-14T13:32:27.403Z"}
{"level":"\u001b[32minfo\u001b[39m","message":"MongoDB Connected: localhost","timestamp":"2024-11-14T13:32:27.416Z"}
{"level":"\u001b[32minfo\u001b[39m","message":"Server is running on port 5000","timestamp":"2024-11-14T13:33:15.936Z"}
{"level":"\u001b[32minfo\u001b[39m","message":"MongoDB Connected: localhost","timestamp":"2024-11-14T13:33:15.947Z"}
{"level":"\u001b[32minfo\u001b[39m","message":"Server is running on port 5000","timestamp":"2024-11-14T13:33:17.993Z"}
{"level":"\u001b[32minfo\u001b[39m","message":"MongoDB Connected: localhost","timestamp":"2024-11-14T13:33:18.008Z"}
{"level":"\u001b[32minfo\u001b[39m","message":"Server is running on port 5000","timestamp":"2024-11-14T13:34:05.162Z"}
{"level":"\u001b[32minfo\u001b[39m","message":"MongoDB Connected: localhost","timestamp":"2024-11-14T13:34:05.173Z"}
{"level":"\u001b[32minfo\u001b[39m","message":"Server is running on port 5000","timestamp":"2024-11-14T13:34:06.354Z"}
{"level":"\u001b[32minfo\u001b[39m","message":"MongoDB Connected: localhost","timestamp":"2024-11-14T13:34:06.367Z"}
{"level":"\u001b[32minfo\u001b[39m","message":"Server is running on port 5000","timestamp":"2024-11-14T13:35:15.198Z"}
{"level":"\u001b[32minfo\u001b[39m","message":"MongoDB Connected: localhost","timestamp":"2024-11-14T13:35:15.211Z"}
{"level":"\u001b[32minfo\u001b[39m","message":"Server is running on port 5000","timestamp":"2024-11-14T13:35:16.360Z"}
{"level":"\u001b[32minfo\u001b[39m","message":"MongoDB Connected: localhost","timestamp":"2024-11-14T13:35:16.374Z"}
{"level":"\u001b[32minfo\u001b[39m","message":"{\"method\":\"GET\",\"url\":\"/api/v1/admin\",\"status\":\"200\",\"responseTime\":\"12.665\"}","timestamp":"2024-11-14T13:35:20.028Z"}
{"level":"\u001b[32minfo\u001b[39m","message":"Server is running on port 5000","timestamp":"2024-11-14T13:37:09.536Z"}
{"level":"\u001b[32minfo\u001b[39m","message":"MongoDB Connected: localhost","timestamp":"2024-11-14T13:37:09.549Z"}
{"level":"\u001b[32minfo\u001b[39m","message":"Server is running on port 5000","timestamp":"2024-11-14T13:37:59.251Z"}
{"level":"\u001b[32minfo\u001b[39m","message":"MongoDB Connected: localhost","timestamp":"2024-11-14T13:37:59.262Z"}
{"level":"\u001b[32minfo\u001b[39m","message":"{\"method\":\"POST\",\"url\":\"/api/v1/public/login\",\"status\":\"200\",\"responseTime\":\"184.358\"}","timestamp":"2024-11-14T13:38:24.438Z"}
{"level":"\u001b[31merror\u001b[39m","timestamp":"2024-11-14T13:38:24.680Z"}
{"level":"\u001b[32minfo\u001b[39m","message":"Server is running on port 5000","timestamp":"2024-11-14T13:43:29.207Z"}
{"level":"\u001b[32minfo\u001b[39m","message":"MongoDB Connected: localhost","timestamp":"2024-11-14T13:43:29.220Z"}
{"level":"\u001b[32minfo\u001b[39m","message":"Server is running on port 5000","timestamp":"2024-11-14T13:43:33.342Z"}
{"level":"\u001b[32minfo\u001b[39m","message":"MongoDB Connected: localhost","timestamp":"2024-11-14T13:43:33.357Z"}
{"level":"\u001b[32minfo\u001b[39m","message":"Server is running on port 5000","timestamp":"2024-11-14T13:43:37.749Z"}
{"level":"\u001b[32minfo\u001b[39m","message":"MongoDB Connected: localhost","timestamp":"2024-11-14T13:43:37.763Z"}
{"level":"\u001b[31merror\u001b[39m","timestamp":"2024-11-14T13:43:43.958Z"}
{"level":"\u001b[32minfo\u001b[39m","message":"Server is running on port 5000","timestamp":"2024-11-14T13:47:01.155Z"}
{"level":"\u001b[32minfo\u001b[39m","message":"MongoDB Connected: localhost","timestamp":"2024-11-14T13:47:01.168Z"}
{"level":"\u001b[32minfo\u001b[39m","message":"Server is running on port 5000","timestamp":"2024-11-14T13:47:02.823Z"}
{"level":"\u001b[32minfo\u001b[39m","message":"MongoDB Connected: localhost","timestamp":"2024-11-14T13:47:02.834Z"}
{"level":"\u001b[32minfo\u001b[39m","message":"Server is running on port 5000","timestamp":"2024-11-14T13:47:09.220Z"}
{"level":"\u001b[32minfo\u001b[39m","message":"MongoDB Connected: localhost","timestamp":"2024-11-14T13:47:09.232Z"}
{"level":"\u001b[32minfo\u001b[39m","message":"Server is running on port 5000","timestamp":"2024-11-14T13:47:39.321Z"}
{"level":"\u001b[32minfo\u001b[39m","message":"MongoDB Connected: localhost","timestamp":"2024-11-14T13:47:39.334Z"}
{"level":"\u001b[32minfo\u001b[39m","message":"Server is running on port 5000","timestamp":"2024-11-14T13:47:41.962Z"}
{"level":"\u001b[32minfo\u001b[39m","message":"MongoDB Connected: localhost","timestamp":"2024-11-14T13:47:41.976Z"}
{"level":"\u001b[32minfo\u001b[39m","message":"Server is running on port 5000","timestamp":"2024-11-14T13:47:55.139Z"}
{"level":"\u001b[32minfo\u001b[39m","message":"MongoDB Connected: localhost","timestamp":"2024-11-14T13:47:55.152Z"}
{"level":"\u001b[31merror\u001b[39m","timestamp":"2024-11-14T13:48:04.356Z"}
{"level":"\u001b[32minfo\u001b[39m","message":"Server is running on port 5000","timestamp":"2024-11-14T13:53:31.339Z"}
{"level":"\u001b[32minfo\u001b[39m","message":"MongoDB Connected: localhost","timestamp":"2024-11-14T13:53:31.353Z"}
{"level":"\u001b[32minfo\u001b[39m","message":"Server is running on port 5000","timestamp":"2024-11-15T06:32:24.433Z"}
{"level":"\u001b[32minfo\u001b[39m","message":"MongoDB Connected: localhost","timestamp":"2024-11-15T06:32:24.446Z"}
{"level":"\u001b[32minfo\u001b[39m","message":"Server is running on port 5000","timestamp":"2024-11-15T06:32:43.734Z"}
{"level":"\u001b[32minfo\u001b[39m","message":"MongoDB Connected: localhost","timestamp":"2024-11-15T06:32:43.748Z"}
{"level":"\u001b[32minfo\u001b[39m","message":"Server is running on port 5000","timestamp":"2024-11-15T06:36:23.466Z"}
{"level":"\u001b[32minfo\u001b[39m","message":"MongoDB Connected: localhost","timestamp":"2024-11-15T06:36:23.479Z"}
{"level":"\u001b[32minfo\u001b[39m","message":"Server is running on port 5000","timestamp":"2024-11-15T06:36:36.227Z"}
{"level":"\u001b[32minfo\u001b[39m","message":"MongoDB Connected: localhost","timestamp":"2024-11-15T06:36:36.240Z"}
{"level":"\u001b[32minfo\u001b[39m","message":"Server is running on port 5000","timestamp":"2024-11-15T06:36:54.845Z"}
{"level":"\u001b[32minfo\u001b[39m","message":"MongoDB Connected: localhost","timestamp":"2024-11-15T06:36:54.858Z"}
{"level":"\u001b[32minfo\u001b[39m","message":"Server is running on port 5000","timestamp":"2024-11-15T06:36:57.020Z"}
{"level":"\u001b[32minfo\u001b[39m","message":"MongoDB Connected: localhost","timestamp":"2024-11-15T06:36:57.034Z"}
{"level":"\u001b[32minfo\u001b[39m","message":"Server is running on port 5000","timestamp":"2024-11-15T06:36:58.558Z"}
{"level":"\u001b[32minfo\u001b[39m","message":"MongoDB Connected: localhost","timestamp":"2024-11-15T06:36:58.571Z"}
{"level":"\u001b[32minfo\u001b[39m","message":"Server is running on port 5000","timestamp":"2024-11-15T06:37:00.159Z"}
{"level":"\u001b[32minfo\u001b[39m","message":"MongoDB Connected: localhost","timestamp":"2024-11-15T06:37:00.172Z"}
{"level":"\u001b[32minfo\u001b[39m","message":"Server is running on port 5000","timestamp":"2024-11-15T06:37:02.825Z"}
{"level":"\u001b[32minfo\u001b[39m","message":"MongoDB Connected: localhost","timestamp":"2024-11-15T06:37:02.838Z"}
{"level":"\u001b[32minfo\u001b[39m","message":"Server is running on port 5000","timestamp":"2024-11-15T06:37:03.804Z"}
{"level":"\u001b[32minfo\u001b[39m","message":"MongoDB Connected: localhost","timestamp":"2024-11-15T06:37:03.817Z"}
{"level":"\u001b[32minfo\u001b[39m","message":"Server is running on port 5000","timestamp":"2024-11-15T06:37:06.385Z"}
{"level":"\u001b[32minfo\u001b[39m","message":"MongoDB Connected: localhost","timestamp":"2024-11-15T06:37:06.398Z"}
{"level":"\u001b[32minfo\u001b[39m","message":"Server is running on port 5000","timestamp":"2024-11-15T06:37:09.150Z"}
{"level":"\u001b[32minfo\u001b[39m","message":"MongoDB Connected: localhost","timestamp":"2024-11-15T06:37:09.163Z"}
{"level":"\u001b[32minfo\u001b[39m","message":"Server is running on port 5000","timestamp":"2024-11-15T06:37:17.218Z"}
{"level":"\u001b[32minfo\u001b[39m","message":"MongoDB Connected: localhost","timestamp":"2024-11-15T06:37:17.232Z"}
{"level":"\u001b[32minfo\u001b[39m","message":"Server is running on port 5000","timestamp":"2024-11-15T06:37:18.530Z"}
{"level":"\u001b[32minfo\u001b[39m","message":"MongoDB Connected: localhost","timestamp":"2024-11-15T06:37:18.544Z"}
{"level":"\u001b[32minfo\u001b[39m","message":"Server is running on port 5000","timestamp":"2024-11-15T06:37:28.563Z"}
{"level":"\u001b[32minfo\u001b[39m","message":"MongoDB Connected: localhost","timestamp":"2024-11-15T06:37:28.578Z"}
{"level":"\u001b[32minfo\u001b[39m","message":"Server is running on port 5000","timestamp":"2024-11-15T06:37:42.984Z"}
{"level":"\u001b[32minfo\u001b[39m","message":"MongoDB Connected: localhost","timestamp":"2024-11-15T06:37:42.997Z"}
{"level":"\u001b[32minfo\u001b[39m","message":"Server is running on port 5000","timestamp":"2024-11-15T06:41:06.220Z"}
{"level":"\u001b[32minfo\u001b[39m","message":"MongoDB Connected: localhost","timestamp":"2024-11-15T06:41:06.235Z"}
{"level":"\u001b[32minfo\u001b[39m","message":"Server is running on port 5000","timestamp":"2024-11-15T06:41:57.084Z"}
{"level":"\u001b[32minfo\u001b[39m","message":"MongoDB Connected: localhost","timestamp":"2024-11-15T06:41:57.098Z"}
{"level":"\u001b[32minfo\u001b[39m","message":"Server is running on port 5000","timestamp":"2024-11-15T06:42:03.027Z"}
{"level":"\u001b[32minfo\u001b[39m","message":"MongoDB Connected: localhost","timestamp":"2024-11-15T06:42:03.043Z"}
{"level":"\u001b[32minfo\u001b[39m","message":"Server is running on port 5000","timestamp":"2024-11-15T06:42:13.771Z"}
{"level":"\u001b[32minfo\u001b[39m","message":"MongoDB Connected: localhost","timestamp":"2024-11-15T06:42:13.784Z"}
{"level":"\u001b[32minfo\u001b[39m","message":"Server is running on port 5000","timestamp":"2024-11-15T06:42:20.581Z"}
{"level":"\u001b[32minfo\u001b[39m","message":"MongoDB Connected: localhost","timestamp":"2024-11-15T06:42:20.594Z"}
{"level":"\u001b[32minfo\u001b[39m","message":"Server is running on port 5000","timestamp":"2024-11-15T06:42:30.559Z"}
{"level":"\u001b[32minfo\u001b[39m","message":"MongoDB Connected: localhost","timestamp":"2024-11-15T06:42:30.572Z"}
{"level":"\u001b[32minfo\u001b[39m","message":"Server is running on port 5000","timestamp":"2024-11-15T06:42:41.801Z"}
{"level":"\u001b[32minfo\u001b[39m","message":"MongoDB Connected: localhost","timestamp":"2024-11-15T06:42:41.815Z"}
{"level":"\u001b[32minfo\u001b[39m","message":"Server is running on port 5000","timestamp":"2024-11-15T06:43:18.700Z"}
{"level":"\u001b[32minfo\u001b[39m","message":"MongoDB Connected: localhost","timestamp":"2024-11-15T06:43:18.713Z"}
{"level":"\u001b[32minfo\u001b[39m","message":"{\"method\":\"GET\",\"url\":\"/docs/\",\"status\":\"304\",\"responseTime\":\"16.967\"}","timestamp":"2024-11-15T06:43:42.294Z"}
{"level":"\u001b[32minfo\u001b[39m","message":"{\"method\":\"GET\",\"url\":\"/docs/swagger-ui.css\",\"status\":\"304\",\"responseTime\":\"1.390\"}","timestamp":"2024-11-15T06:43:42.316Z"}
{"level":"\u001b[32minfo\u001b[39m","message":"{\"method\":\"GET\",\"url\":\"/docs/swagger-ui-standalone-preset.js\",\"status\":\"304\",\"responseTime\":\"0.489\"}","timestamp":"2024-11-15T06:43:42.319Z"}
{"level":"\u001b[32minfo\u001b[39m","message":"{\"method\":\"GET\",\"url\":\"/docs/swagger-ui-init.js\",\"status\":\"304\",\"responseTime\":\"0.406\"}","timestamp":"2024-11-15T06:43:42.321Z"}
{"level":"\u001b[32minfo\u001b[39m","message":"{\"method\":\"GET\",\"url\":\"/docs/swagger-ui-bundle.js\",\"status\":\"200\",\"responseTime\":\"56.765\"}","timestamp":"2024-11-15T06:43:42.526Z"}
{"level":"\u001b[32minfo\u001b[39m","message":"{\"method\":\"GET\",\"url\":\"/docs/favicon-32x32.png\",\"status\":\"304\",\"responseTime\":\"0.260\"}","timestamp":"2024-11-15T06:43:42.780Z"}
{"level":"\u001b[32minfo\u001b[39m","message":"{\"method\":\"POST\",\"url\":\"/api/v1/public/login\",\"status\":\"200\",\"responseTime\":\"425.432\"}","timestamp":"2024-11-15T06:44:07.311Z"}
{"level":"\u001b[32minfo\u001b[39m","message":"{\"method\":\"GET\",\"url\":\"/api/v1/admin\",\"status\":\"200\",\"responseTime\":\"4.851\"}","timestamp":"2024-11-15T06:44:24.308Z"}
{"level":"\u001b[32minfo\u001b[39m","message":"Server is running on port 5000","timestamp":"2024-11-15T06:48:34.775Z"}
{"level":"\u001b[32minfo\u001b[39m","message":"MongoDB Connected: localhost","timestamp":"2024-11-15T06:48:34.789Z"}
{"level":"\u001b[32minfo\u001b[39m","message":"Server is running on port 5000","timestamp":"2024-11-15T06:48:47.532Z"}
{"level":"\u001b[32minfo\u001b[39m","message":"MongoDB Connected: localhost","timestamp":"2024-11-15T06:48:47.545Z"}
{"level":"\u001b[32minfo\u001b[39m","message":"Server is running on port 5000","timestamp":"2024-11-15T06:48:52.173Z"}
{"level":"\u001b[32minfo\u001b[39m","message":"MongoDB Connected: localhost","timestamp":"2024-11-15T06:48:52.186Z"}
{"level":"\u001b[32minfo\u001b[39m","message":"{\"method\":\"GET\",\"url\":\"/api/v1/admin\",\"status\":\"200\",\"responseTime\":\"10.834\"}","timestamp":"2024-11-15T06:49:09.219Z"}
{"level":"\u001b[32minfo\u001b[39m","message":"Server is running on port 5000","timestamp":"2024-11-15T06:51:59.449Z"}
{"level":"\u001b[32minfo\u001b[39m","message":"MongoDB Connected: localhost","timestamp":"2024-11-15T06:51:59.463Z"}
{"level":"\u001b[32minfo\u001b[39m","message":"Server is running on port 5000","timestamp":"2024-11-15T06:53:11.994Z"}
{"level":"\u001b[32minfo\u001b[39m","message":"MongoDB Connected: localhost","timestamp":"2024-11-15T06:53:12.010Z"}
{"level":"\u001b[32minfo\u001b[39m","message":"Server is running on port 5000","timestamp":"2024-11-15T06:53:23.784Z"}
{"level":"\u001b[32minfo\u001b[39m","message":"MongoDB Connected: localhost","timestamp":"2024-11-15T06:53:23.798Z"}
{"level":"\u001b[32minfo\u001b[39m","message":"Server is running on port 5000","timestamp":"2024-11-15T06:53:27.535Z"}
{"level":"\u001b[32minfo\u001b[39m","message":"MongoDB Connected: localhost","timestamp":"2024-11-15T06:53:27.549Z"}
{"level":"\u001b[32minfo\u001b[39m","message":"Server is running on port 5000","timestamp":"2024-11-15T06:53:36.635Z"}
{"level":"\u001b[32minfo\u001b[39m","message":"MongoDB Connected: localhost","timestamp":"2024-11-15T06:53:36.648Z"}
{"level":"\u001b[32minfo\u001b[39m","message":"Server is running on port 5000","timestamp":"2024-11-15T06:54:01.485Z"}
{"level":"\u001b[32minfo\u001b[39m","message":"MongoDB Connected: localhost","timestamp":"2024-11-15T06:54:01.500Z"}
{"level":"\u001b[32minfo\u001b[39m","message":"Server is running on port 5000","timestamp":"2024-11-15T06:54:10.632Z"}
{"level":"\u001b[32minfo\u001b[39m","message":"MongoDB Connected: localhost","timestamp":"2024-11-15T06:54:10.647Z"}
{"level":"\u001b[32minfo\u001b[39m","message":"Server is running on port 5000","timestamp":"2024-11-15T06:54:17.707Z"}
{"level":"\u001b[32minfo\u001b[39m","message":"MongoDB Connected: localhost","timestamp":"2024-11-15T06:54:17.722Z"}
{"level":"\u001b[32minfo\u001b[39m","message":"Server is running on port 5000","timestamp":"2024-11-15T06:54:19.523Z"}
{"level":"\u001b[32minfo\u001b[39m","message":"MongoDB Connected: localhost","timestamp":"2024-11-15T06:54:19.536Z"}
{"level":"\u001b[32minfo\u001b[39m","message":"Server is running on port 5000","timestamp":"2024-11-15T06:54:26.269Z"}
{"level":"\u001b[32minfo\u001b[39m","message":"MongoDB Connected: localhost","timestamp":"2024-11-15T06:54:26.283Z"}
{"level":"\u001b[32minfo\u001b[39m","message":"Server is running on port 5000","timestamp":"2024-11-15T07:02:44.446Z"}
{"level":"\u001b[32minfo\u001b[39m","message":"MongoDB Connected: localhost","timestamp":"2024-11-15T07:02:44.457Z"}
{"level":"\u001b[32minfo\u001b[39m","message":"Server is running on port 5000","timestamp":"2024-11-15T07:07:59.320Z"}
{"level":"\u001b[32minfo\u001b[39m","message":"MongoDB Connected: localhost","timestamp":"2024-11-15T07:07:59.334Z"}
{"level":"\u001b[32minfo\u001b[39m","message":"Server is running on port 5000","timestamp":"2024-11-15T07:08:21.144Z"}
{"level":"\u001b[32minfo\u001b[39m","message":"MongoDB Connected: localhost","timestamp":"2024-11-15T07:08:21.155Z"}
{"level":"\u001b[32minfo\u001b[39m","message":"Server is running on port 5000","timestamp":"2024-11-15T07:08:42.008Z"}
{"level":"\u001b[32minfo\u001b[39m","message":"MongoDB Connected: localhost","timestamp":"2024-11-15T07:08:42.019Z"}
{"level":"\u001b[32minfo\u001b[39m","message":"Server is running on port 5000","timestamp":"2024-11-15T07:08:49.173Z"}
{"level":"\u001b[32minfo\u001b[39m","message":"MongoDB Connected: localhost","timestamp":"2024-11-15T07:08:49.185Z"}
{"level":"\u001b[32minfo\u001b[39m","message":"Server is running on port 5000","timestamp":"2024-11-15T07:09:43.880Z"}
{"level":"\u001b[32minfo\u001b[39m","message":"MongoDB Connected: localhost","timestamp":"2024-11-15T07:09:43.891Z"}
{"level":"\u001b[32minfo\u001b[39m","message":"Server is running on port 5000","timestamp":"2024-11-15T07:09:48.542Z"}
{"level":"\u001b[32minfo\u001b[39m","message":"MongoDB Connected: localhost","timestamp":"2024-11-15T07:09:48.553Z"}
{"level":"\u001b[32minfo\u001b[39m","message":"Server is running on port 5000","timestamp":"2024-11-15T07:09:51.145Z"}
{"level":"\u001b[32minfo\u001b[39m","message":"MongoDB Connected: localhost","timestamp":"2024-11-15T07:09:51.156Z"}
{"level":"\u001b[32minfo\u001b[39m","message":"Server is running on port 5000","timestamp":"2024-11-15T07:09:53.083Z"}
{"level":"\u001b[32minfo\u001b[39m","message":"MongoDB Connected: localhost","timestamp":"2024-11-15T07:09:53.095Z"}
{"level":"\u001b[32minfo\u001b[39m","message":"Server is running on port 5000","timestamp":"2024-11-15T07:09:55.590Z"}
{"level":"\u001b[32minfo\u001b[39m","message":"MongoDB Connected: localhost","timestamp":"2024-11-15T07:09:55.601Z"}
{"level":"\u001b[32minfo\u001b[39m","message":"Server is running on port 5000","timestamp":"2024-11-15T07:10:07.167Z"}
{"level":"\u001b[32minfo\u001b[39m","message":"MongoDB Connected: localhost","timestamp":"2024-11-15T07:10:07.178Z"}
{"level":"\u001b[32minfo\u001b[39m","message":"Server is running on port 5000","timestamp":"2024-11-15T07:10:09.078Z"}
{"level":"\u001b[32minfo\u001b[39m","message":"MongoDB Connected: localhost","timestamp":"2024-11-15T07:10:09.091Z"}
{"level":"\u001b[32minfo\u001b[39m","message":"Server is running on port 5000","timestamp":"2024-11-15T07:10:11.209Z"}
{"level":"\u001b[32minfo\u001b[39m","message":"MongoDB Connected: localhost","timestamp":"2024-11-15T07:10:11.220Z"}
{"level":"\u001b[32minfo\u001b[39m","message":"Server is running on port 5000","timestamp":"2024-11-15T07:10:20.410Z"}
{"level":"\u001b[32minfo\u001b[39m","message":"MongoDB Connected: localhost","timestamp":"2024-11-15T07:10:20.423Z"}
{"level":"\u001b[32minfo\u001b[39m","message":"Server is running on port 5000","timestamp":"2024-11-15T07:10:43.944Z"}
{"level":"\u001b[32minfo\u001b[39m","message":"MongoDB Connected: localhost","timestamp":"2024-11-15T07:10:43.955Z"}
{"level":"\u001b[32minfo\u001b[39m","message":"Server is running on port 5000","timestamp":"2024-11-15T07:11:14.593Z"}
{"level":"\u001b[32minfo\u001b[39m","message":"MongoDB Connected: localhost","timestamp":"2024-11-15T07:11:14.605Z"}
{"level":"\u001b[32minfo\u001b[39m","message":"Server is running on port 5000","timestamp":"2024-11-15T07:11:17.195Z"}
{"level":"\u001b[32minfo\u001b[39m","message":"MongoDB Connected: localhost","timestamp":"2024-11-15T07:11:17.207Z"}
{"level":"\u001b[32minfo\u001b[39m","message":"Server is running on port 5000","timestamp":"2024-11-15T07:12:04.399Z"}
{"level":"\u001b[32minfo\u001b[39m","message":"MongoDB Connected: localhost","timestamp":"2024-11-15T07:12:04.410Z"}
{"level":"\u001b[32minfo\u001b[39m","message":"Server is running on port 5000","timestamp":"2024-11-15T07:12:13.684Z"}
{"level":"\u001b[32minfo\u001b[39m","message":"MongoDB Connected: localhost","timestamp":"2024-11-15T07:12:13.695Z"}
{"level":"\u001b[32minfo\u001b[39m","message":"Server is running on port 5000","timestamp":"2024-11-15T07:12:15.640Z"}
{"level":"\u001b[32minfo\u001b[39m","message":"MongoDB Connected: localhost","timestamp":"2024-11-15T07:12:15.651Z"}
{"level":"\u001b[32minfo\u001b[39m","message":"Server is running on port 5000","timestamp":"2024-11-15T07:19:33.401Z"}
{"level":"\u001b[32minfo\u001b[39m","message":"MongoDB Connected: localhost","timestamp":"2024-11-15T07:19:33.412Z"}
{"level":"\u001b[32minfo\u001b[39m","message":"Server is running on port 5000","timestamp":"2024-11-15T07:19:48.090Z"}
{"level":"\u001b[32minfo\u001b[39m","message":"MongoDB Connected: localhost","timestamp":"2024-11-15T07:19:48.102Z"}
{"level":"\u001b[32minfo\u001b[39m","message":"Server is running on port 5000","timestamp":"2024-11-15T07:19:51.682Z"}
{"level":"\u001b[32minfo\u001b[39m","message":"MongoDB Connected: localhost","timestamp":"2024-11-15T07:19:51.693Z"}
{"level":"\u001b[32minfo\u001b[39m","message":"Server is running on port 5000","timestamp":"2024-11-15T07:20:12.571Z"}
{"level":"\u001b[32minfo\u001b[39m","message":"MongoDB Connected: localhost","timestamp":"2024-11-15T07:20:12.582Z"}
{"level":"\u001b[32minfo\u001b[39m","message":"Server is running on port 5000","timestamp":"2024-11-15T09:27:41.685Z"}
{"level":"\u001b[32minfo\u001b[39m","message":"MongoDB Connected: localhost","timestamp":"2024-11-15T09:27:41.697Z"}
{"level":"\u001b[32minfo\u001b[39m","message":"Server is running on port 5000","timestamp":"2024-11-15T10:44:29.151Z"}
{"level":"\u001b[32minfo\u001b[39m","message":"MongoDB Connected: localhost","timestamp":"2024-11-15T10:44:29.163Z"}
{"level":"\u001b[32minfo\u001b[39m","message":"Server is running on port 5000","timestamp":"2024-11-15T13:05:23.117Z"}
{"level":"\u001b[32minfo\u001b[39m","message":"MongoDB Connected: localhost","timestamp":"2024-11-15T13:05:23.129Z"}
{"level":"\u001b[32minfo\u001b[39m","message":"{\"method\":\"GET\",\"url\":\"/docs/swagger-ui-bundle.js\",\"status\":\"200\",\"responseTime\":\"171.721\"}","timestamp":"2024-11-15T13:08:17.806Z"}
{"level":"\u001b[32minfo\u001b[39m","message":"{\"method\":\"GET\",\"url\":\"/docs/favicon-32x32.png\",\"status\":\"304\",\"responseTime\":\"0.622\"}","timestamp":"2024-11-15T13:08:18.229Z"}
{"level":"\u001b[32minfo\u001b[39m","message":"{\"method\":\"POST\",\"url\":\"/api/v1/public/login\",\"status\":\"200\",\"responseTime\":\"336.798\"}","timestamp":"2024-11-15T13:10:39.598Z"}
{"level":"\u001b[32minfo\u001b[39m","message":"{\"method\":\"GET\",\"url\":\"/api/v1/doctors/locations\",\"status\":\"401\",\"responseTime\":\"0.707\"}","timestamp":"2024-11-15T13:10:40.203Z"}
{"level":"\u001b[32minfo\u001b[39m","message":"{\"method\":\"GET\",\"url\":\"/api/v1/doctors\",\"status\":\"401\",\"responseTime\":\"0.259\"}","timestamp":"2024-11-15T13:10:40.215Z"}
{"level":"\u001b[32minfo\u001b[39m","message":"{\"method\":\"GET\",\"url\":\"/api/v1/auth/user\",\"status\":\"200\",\"responseTime\":\"141.520\"}","timestamp":"2024-11-15T13:10:40.733Z"}
{"level":"\u001b[32minfo\u001b[39m","message":"{\"method\":\"GET\",\"url\":\"/api/v1/doctors/locations\",\"status\":\"401\",\"responseTime\":\"0.345\"}","timestamp":"2024-11-15T13:11:10.913Z"}
{"level":"\u001b[32minfo\u001b[39m","message":"{\"method\":\"GET\",\"url\":\"/api/v1/doctors/location/\",\"status\":\"401\",\"responseTime\":\"0.261\"}","timestamp":"2024-11-15T13:11:10.916Z"}
{"level":"\u001b[32minfo\u001b[39m","message":"{\"method\":\"GET\",\"url\":\"/api/v1/doctors/locations\",\"status\":\"401\",\"responseTime\":\"0.353\"}","timestamp":"2024-11-15T13:11:22.975Z"}
{"level":"\u001b[32minfo\u001b[39m","message":"{\"method\":\"GET\",\"url\":\"/api/v1/doctors/locations\",\"status\":\"401\",\"responseTime\":\"0.331\"}","timestamp":"2024-11-15T13:12:02.334Z"}
{"level":"\u001b[32minfo\u001b[39m","message":"{\"method\":\"GET\",\"url\":\"/api/v1/doctors\",\"status\":\"401\",\"responseTime\":\"0.327\"}","timestamp":"2024-11-15T13:12:02.337Z"}
{"level":"\u001b[32minfo\u001b[39m","message":"{\"method\":\"GET\",\"url\":\"/api/v1/auth/user\",\"status\":\"304\",\"responseTime\":\"7.086\"}","timestamp":"2024-11-15T13:12:02.488Z"}
{"level":"\u001b[32minfo\u001b[39m","message":"{\"method\":\"GET\",\"url\":\"/api/v1/doctors/locations\",\"status\":\"401\",\"responseTime\":\"0.189\"}","timestamp":"2024-11-15T13:12:32.378Z"}
{"level":"\u001b[32minfo\u001b[39m","message":"{\"method\":\"GET\",\"url\":\"/api/v1/appointments/patient/670ca7995c39e60ad8a27048\",\"status\":\"401\",\"responseTime\":\"0.234\"}","timestamp":"2024-11-15T13:12:54.116Z"}
{"level":"\u001b[32minfo\u001b[39m","message":"{\"method\":\"POST\",\"url\":\"/api/v1/auth/image\",\"status\":\"401\",\"responseTime\":\"0.173\"}","timestamp":"2024-11-15T13:13:17.312Z"}
{"level":"\u001b[32minfo\u001b[39m","message":"{\"method\":\"GET\",\"url\":\"/api/v1/doctors/locations\",\"status\":\"401\",\"responseTime\":\"0.326\"}","timestamp":"2024-11-15T13:13:23.432Z"}
{"level":"\u001b[32minfo\u001b[39m","message":"{\"method\":\"GET\",\"url\":\"/api/v1/doctors\",\"status\":\"401\",\"responseTime\":\"0.192\"}","timestamp":"2024-11-15T13:13:23.434Z"}
{"level":"\u001b[32minfo\u001b[39m","message":"{\"method\":\"GET\",\"url\":\"/api/v1/auth/user\",\"status\":\"304\",\"responseTime\":\"25.815\"}","timestamp":"2024-11-15T13:13:23.546Z"}
{"level":"\u001b[32minfo\u001b[39m","message":"{\"method\":\"GET\",\"url\":\"/docs/\",\"status\":\"304\",\"responseTime\":\"87.358\"}","timestamp":"2024-11-15T13:27:10.702Z"}
{"level":"\u001b[32minfo\u001b[39m","message":"{\"method\":\"GET\",\"url\":\"/docs/swagger-ui-init.js\",\"status\":\"200\",\"responseTime\":\"216.353\"}","timestamp":"2024-11-15T13:27:10.931Z"}
{"level":"\u001b[32minfo\u001b[39m","message":"{\"method\":\"GET\",\"url\":\"/docs/swagger-ui.css\",\"status\":\"304\",\"responseTime\":\"232.487\"}","timestamp":"2024-11-15T13:27:10.946Z"}
{"level":"\u001b[32minfo\u001b[39m","message":"{\"method\":\"GET\",\"url\":\"/docs/swagger-ui-standalone-preset.js\",\"status\":\"304\",\"responseTime\":\"232.826\"}","timestamp":"2024-11-15T13:27:10.947Z"}
{"level":"\u001b[32minfo\u001b[39m","message":"{\"method\":\"GET\",\"url\":\"/docs/swagger-ui-bundle.js\",\"status\":\"304\",\"responseTime\":\"0.578\"}","timestamp":"2024-11-15T13:27:11.006Z"}
{"level":"\u001b[32minfo\u001b[39m","message":"{\"method\":\"GET\",\"url\":\"/docs/favicon-32x32.png\",\"status\":\"304\",\"responseTime\":\"0.277\"}","timestamp":"2024-11-15T13:27:11.242Z"}
{"level":"\u001b[32minfo\u001b[39m","message":"{\"method\":\"POST\",\"url\":\"/api/v1/public/register\",\"status\":\"400\",\"responseTime\":\"47.409\"}","timestamp":"2024-11-15T13:29:31.108Z"}
{"level":"\u001b[32minfo\u001b[39m","message":"{\"method\":\"POST\",\"url\":\"/api/v1/public/register\",\"status\":\"400\",\"responseTime\":\"26.663\"}","timestamp":"2024-11-15T13:29:49.061Z"}
{"level":"\u001b[32minfo\u001b[39m","message":"{\"method\":\"POST\",\"url\":\"/api/v1/public/register\",\"status\":\"400\",\"responseTime\":\"0.801\"}","timestamp":"2024-11-15T13:30:09.764Z"}
{"level":"\u001b[32minfo\u001b[39m","message":"{\"method\":\"POST\",\"url\":\"/api/v1/public/register\",\"status\":\"400\",\"responseTime\":\"5.405\"}","timestamp":"2024-11-15T13:30:16.326Z"}
{"level":"\u001b[32minfo\u001b[39m","message":"{\"method\":\"POST\",\"url\":\"/api/v1/public/register\",\"status\":\"400\",\"responseTime\":\"0.830\"}","timestamp":"2024-11-15T13:30:24.454Z"}
{"level":"\u001b[32minfo\u001b[39m","message":"{\"method\":\"POST\",\"url\":\"/api/v1/public/register\",\"status\":\"400\",\"responseTime\":\"0.731\"}","timestamp":"2024-11-15T13:30:44.536Z"}
{"level":"\u001b[32minfo\u001b[39m","message":"{\"method\":\"POST\",\"url\":\"/api/v1/public/register\",\"status\":\"400\",\"responseTime\":\"0.876\"}","timestamp":"2024-11-15T13:31:06.937Z"}
{"level":"\u001b[32minfo\u001b[39m","message":"{\"method\":\"POST\",\"url\":\"/api/v1/public/register\",\"status\":\"400\",\"responseTime\":\"0.787\"}","timestamp":"2024-11-15T13:31:16.512Z"}
{"level":"\u001b[32minfo\u001b[39m","message":"Server is running on port 5000","timestamp":"2024-11-15T13:33:32.465Z"}
{"level":"\u001b[32minfo\u001b[39m","message":"MongoDB Connected: localhost","timestamp":"2024-11-15T13:33:32.499Z"}
{"level":"\u001b[32minfo\u001b[39m","message":"Server is running on port 5000","timestamp":"2024-11-15T13:33:39.010Z"}
{"level":"\u001b[32minfo\u001b[39m","message":"MongoDB Connected: localhost","timestamp":"2024-11-15T13:33:39.021Z"}
{"level":"\u001b[32minfo\u001b[39m","message":"{\"method\":\"POST\",\"url\":\"/api/v1/public/register\",\"status\":\"400\",\"responseTime\":\"48.818\"}","timestamp":"2024-11-15T13:33:43.917Z"}
{"level":"\u001b[32minfo\u001b[39m","message":"Server is running on port 5000","timestamp":"2024-11-15T13:35:33.102Z"}
{"level":"\u001b[32minfo\u001b[39m","message":"MongoDB Connected: localhost","timestamp":"2024-11-15T13:35:33.116Z"}
{"level":"\u001b[32minfo\u001b[39m","message":"Server is running on port 5000","timestamp":"2024-11-15T13:35:34.045Z"}
{"level":"\u001b[32minfo\u001b[39m","message":"MongoDB Connected: localhost","timestamp":"2024-11-15T13:35:34.056Z"}
{"level":"\u001b[32minfo\u001b[39m","message":"Server is running on port 5000","timestamp":"2024-11-15T13:35:35.749Z"}
{"level":"\u001b[32minfo\u001b[39m","message":"MongoDB Connected: localhost","timestamp":"2024-11-15T13:35:35.762Z"}
{"level":"\u001b[32minfo\u001b[39m","message":"{\"method\":\"POST\",\"url\":\"/api/v1/public/register\",\"status\":\"400\",\"responseTime\":\"22.489\"}","timestamp":"2024-11-15T13:35:39.473Z"}
{"level":"\u001b[32minfo\u001b[39m","message":"Server is running on port 5000","timestamp":"2024-11-15T13:36:26.736Z"}
{"level":"\u001b[32minfo\u001b[39m","message":"MongoDB Connected: localhost","timestamp":"2024-11-15T13:36:26.764Z"}
{"level":"\u001b[32minfo\u001b[39m","message":"Server is running on port 5000","timestamp":"2024-11-15T13:36:28.042Z"}
{"level":"\u001b[32minfo\u001b[39m","message":"MongoDB Connected: localhost","timestamp":"2024-11-15T13:36:28.054Z"}
{"level":"\u001b[32minfo\u001b[39m","message":"Server is running on port 5000","timestamp":"2024-11-15T13:36:30.005Z"}
{"level":"\u001b[32minfo\u001b[39m","message":"MongoDB Connected: localhost","timestamp":"2024-11-15T13:36:30.016Z"}
{"level":"\u001b[32minfo\u001b[39m","message":"{\"method\":\"POST\",\"url\":\"/api/v1/public/register\",\"status\":\"400\",\"responseTime\":\"22.463\"}","timestamp":"2024-11-15T13:36:31.624Z"}
{"level":"\u001b[32minfo\u001b[39m","message":"Server is running on port 5000","timestamp":"2024-11-15T13:38:38.355Z"}
{"level":"\u001b[32minfo\u001b[39m","message":"MongoDB Connected: localhost","timestamp":"2024-11-15T13:38:38.366Z"}
{"level":"\u001b[32minfo\u001b[39m","message":"{\"method\":\"POST\",\"url\":\"/api/v1/public/register\",\"status\":\"400\",\"responseTime\":\"27.719\"}","timestamp":"2024-11-15T13:38:42.158Z"}
{"level":"\u001b[32minfo\u001b[39m","message":"Server is running on port 5000","timestamp":"2024-11-15T13:39:44.857Z"}
{"level":"\u001b[32minfo\u001b[39m","message":"MongoDB Connected: localhost","timestamp":"2024-11-15T13:39:44.869Z"}
{"level":"\u001b[32minfo\u001b[39m","message":"Server is running on port 5000","timestamp":"2024-11-15T13:39:46.584Z"}
{"level":"\u001b[32minfo\u001b[39m","message":"MongoDB Connected: localhost","timestamp":"2024-11-15T13:39:46.596Z"}
{"level":"\u001b[32minfo\u001b[39m","message":"Server is running on port 5000","timestamp":"2024-11-15T13:39:48.761Z"}
{"level":"\u001b[32minfo\u001b[39m","message":"MongoDB Connected: localhost","timestamp":"2024-11-15T13:39:48.773Z"}
{"level":"\u001b[32minfo\u001b[39m","message":"Server is running on port 5000","timestamp":"2024-11-15T13:39:49.984Z"}
{"level":"\u001b[32minfo\u001b[39m","message":"MongoDB Connected: localhost","timestamp":"2024-11-15T13:39:49.996Z"}
{"level":"\u001b[32minfo\u001b[39m","message":"Server is running on port 5000","timestamp":"2024-11-15T13:39:53.116Z"}
{"level":"\u001b[32minfo\u001b[39m","message":"MongoDB Connected: localhost","timestamp":"2024-11-15T13:39:53.129Z"}
{"level":"\u001b[32minfo\u001b[39m","message":"Server is running on port 5000","timestamp":"2024-11-15T13:39:55.857Z"}
{"level":"\u001b[32minfo\u001b[39m","message":"MongoDB Connected: localhost","timestamp":"2024-11-15T13:39:55.869Z"}
{"level":"\u001b[32minfo\u001b[39m","message":"{\"method\":\"POST\",\"url\":\"/api/v1/public/register\",\"status\":\"400\",\"responseTime\":\"26.213\"}","timestamp":"2024-11-15T13:39:59.461Z"}
{"level":"\u001b[32minfo\u001b[39m","message":"Server is running on port 5000","timestamp":"2024-11-15T13:40:53.135Z"}
{"level":"\u001b[32minfo\u001b[39m","message":"MongoDB Connected: localhost","timestamp":"2024-11-15T13:40:53.153Z"}
{"level":"\u001b[32minfo\u001b[39m","message":"Server is running on port 5000","timestamp":"2024-11-15T13:40:55.376Z"}
{"level":"\u001b[32minfo\u001b[39m","message":"MongoDB Connected: localhost","timestamp":"2024-11-15T13:40:55.387Z"}
{"level":"\u001b[32minfo\u001b[39m","message":"Server is running on port 5000","timestamp":"2024-11-15T13:41:08.834Z"}
{"level":"\u001b[32minfo\u001b[39m","message":"MongoDB Connected: localhost","timestamp":"2024-11-15T13:41:08.847Z"}
{"level":"\u001b[32minfo\u001b[39m","message":"Server is running on port 5000","timestamp":"2024-11-15T13:41:12.425Z"}
{"level":"\u001b[32minfo\u001b[39m","message":"MongoDB Connected: localhost","timestamp":"2024-11-15T13:41:12.436Z"}
{"level":"\u001b[32minfo\u001b[39m","message":"{\"method\":\"POST\",\"url\":\"/api/v1/public/register\",\"status\":\"400\",\"responseTime\":\"21.480\"}","timestamp":"2024-11-15T13:41:16.176Z"}
{"level":"\u001b[32minfo\u001b[39m","message":"Server is running on port 5000","timestamp":"2024-11-15T13:41:30.102Z"}
{"level":"\u001b[32minfo\u001b[39m","message":"MongoDB Connected: localhost","timestamp":"2024-11-15T13:41:30.113Z"}
{"level":"\u001b[32minfo\u001b[39m","message":"Server is running on port 5000","timestamp":"2024-11-15T13:41:31.607Z"}
{"level":"\u001b[32minfo\u001b[39m","message":"MongoDB Connected: localhost","timestamp":"2024-11-15T13:41:31.620Z"}
{"level":"\u001b[32minfo\u001b[39m","message":"Server is running on port 5000","timestamp":"2024-11-15T13:41:32.611Z"}
{"level":"\u001b[32minfo\u001b[39m","message":"MongoDB Connected: localhost","timestamp":"2024-11-15T13:41:32.622Z"}
{"level":"\u001b[32minfo\u001b[39m","message":"Server is running on port 5000","timestamp":"2024-11-15T13:41:43.827Z"}
{"level":"\u001b[32minfo\u001b[39m","message":"MongoDB Connected: localhost","timestamp":"2024-11-15T13:41:43.839Z"}
{"level":"\u001b[32minfo\u001b[39m","message":"{\"method\":\"POST\",\"url\":\"/api/v1/public/register\",\"status\":\"400\",\"responseTime\":\"26.652\"}","timestamp":"2024-11-15T13:41:44.987Z"}
{"level":"\u001b[32minfo\u001b[39m","message":"Server is running on port 5000","timestamp":"2024-11-15T13:42:07.867Z"}
{"level":"\u001b[32minfo\u001b[39m","message":"MongoDB Connected: localhost","timestamp":"2024-11-15T13:42:07.878Z"}
{"level":"\u001b[32minfo\u001b[39m","message":"{\"method\":\"POST\",\"url\":\"/api/v1/public/register\",\"status\":\"400\",\"responseTime\":\"15.993\"}","timestamp":"2024-11-15T13:42:43.926Z"}
{"level":"\u001b[32minfo\u001b[39m","message":"{\"method\":\"POST\",\"url\":\"/api/v1/public/register\",\"status\":\"400\",\"responseTime\":\"1.360\"}","timestamp":"2024-11-15T13:42:50.516Z"}
{"level":"\u001b[32minfo\u001b[39m","message":"Server is running on port 5000","timestamp":"2024-11-15T13:43:09.853Z"}
{"level":"\u001b[32minfo\u001b[39m","message":"MongoDB Connected: localhost","timestamp":"2024-11-15T13:43:09.868Z"}
{"level":"\u001b[32minfo\u001b[39m","message":"Server is running on port 5000","timestamp":"2024-11-15T13:43:11.162Z"}
{"level":"\u001b[32minfo\u001b[39m","message":"MongoDB Connected: localhost","timestamp":"2024-11-15T13:43:11.174Z"}
{"level":"\u001b[32minfo\u001b[39m","message":"Server is running on port 5000","timestamp":"2024-11-15T13:43:12.840Z"}
{"level":"\u001b[32minfo\u001b[39m","message":"MongoDB Connected: localhost","timestamp":"2024-11-15T13:43:12.856Z"}
{"level":"\u001b[32minfo\u001b[39m","message":"{\"method\":\"POST\",\"url\":\"/api/v1/public/register\",\"status\":\"400\",\"responseTime\":\"23.665\"}","timestamp":"2024-11-15T13:43:13.530Z"}
{"level":"\u001b[32minfo\u001b[39m","message":"Server is running on port 5000","timestamp":"2024-11-15T13:44:44.661Z"}
{"level":"\u001b[32minfo\u001b[39m","message":"MongoDB Connected: localhost","timestamp":"2024-11-15T13:44:44.672Z"}
{"level":"\u001b[32minfo\u001b[39m","message":"{\"method\":\"POST\",\"url\":\"/api/v1/public/register\",\"status\":\"400\",\"responseTime\":\"22.020\"}","timestamp":"2024-11-15T13:44:53.213Z"}
{"level":"\u001b[32minfo\u001b[39m","message":"Server is running on port 5000","timestamp":"2024-11-15T13:45:09.426Z"}
{"level":"\u001b[32minfo\u001b[39m","message":"MongoDB Connected: localhost","timestamp":"2024-11-15T13:45:09.437Z"}
{"level":"\u001b[32minfo\u001b[39m","message":"Server is running on port 5000","timestamp":"2024-11-15T13:45:14.306Z"}
{"level":"\u001b[32minfo\u001b[39m","message":"MongoDB Connected: localhost","timestamp":"2024-11-15T13:45:14.318Z"}
{"level":"\u001b[32minfo\u001b[39m","message":"Server is running on port 5000","timestamp":"2024-11-15T13:45:15.707Z"}
{"level":"\u001b[32minfo\u001b[39m","message":"MongoDB Connected: localhost","timestamp":"2024-11-15T13:45:15.718Z"}
{"level":"\u001b[32minfo\u001b[39m","message":"Server is running on port 5000","timestamp":"2024-11-15T13:47:25.850Z"}
{"level":"\u001b[32minfo\u001b[39m","message":"MongoDB Connected: localhost","timestamp":"2024-11-15T13:47:25.861Z"}
{"level":"\u001b[32minfo\u001b[39m","message":"Server is running on port 5000","timestamp":"2024-11-15T13:47:30.196Z"}
{"level":"\u001b[32minfo\u001b[39m","message":"MongoDB Connected: localhost","timestamp":"2024-11-15T13:47:30.207Z"}
{"level":"\u001b[32minfo\u001b[39m","message":"{\"method\":\"POST\",\"url\":\"/api/v1/public/register\",\"status\":\"400\",\"responseTime\":\"31.404\"}","timestamp":"2024-11-15T13:47:39.726Z"}
{"level":"\u001b[32minfo\u001b[39m","message":"Server is running on port 5000","timestamp":"2024-11-15T13:48:59.201Z"}
{"level":"\u001b[32minfo\u001b[39m","message":"MongoDB Connected: localhost","timestamp":"2024-11-15T13:48:59.214Z"}
{"level":"\u001b[32minfo\u001b[39m","message":"Server is running on port 5000","timestamp":"2024-11-15T13:49:07.312Z"}
{"level":"\u001b[32minfo\u001b[39m","message":"MongoDB Connected: localhost","timestamp":"2024-11-15T13:49:07.323Z"}
{"level":"\u001b[32minfo\u001b[39m","message":"{\"method\":\"POST\",\"url\":\"/api/v1/public/register\",\"status\":\"400\",\"responseTime\":\"7.291\"}","timestamp":"2024-11-15T13:49:40.424Z"}
{"level":"\u001b[32minfo\u001b[39m","message":"Server is running on port 5000","timestamp":"2024-11-15T13:50:01.752Z"}
{"level":"\u001b[32minfo\u001b[39m","message":"MongoDB Connected: localhost","timestamp":"2024-11-15T13:50:01.764Z"}
{"level":"\u001b[32minfo\u001b[39m","message":"Server is running on port 5000","timestamp":"2024-11-15T13:50:03.667Z"}
{"level":"\u001b[32minfo\u001b[39m","message":"MongoDB Connected: localhost","timestamp":"2024-11-15T13:50:03.679Z"}
{"level":"\u001b[32minfo\u001b[39m","message":"Server is running on port 5000","timestamp":"2024-11-15T13:50:04.683Z"}
{"level":"\u001b[32minfo\u001b[39m","message":"MongoDB Connected: localhost","timestamp":"2024-11-15T13:50:04.694Z"}
{"level":"\u001b[32minfo\u001b[39m","message":"Server is running on port 5000","timestamp":"2024-11-15T13:50:10.948Z"}
{"level":"\u001b[32minfo\u001b[39m","message":"MongoDB Connected: localhost","timestamp":"2024-11-15T13:50:10.960Z"}
{"level":"\u001b[32minfo\u001b[39m","message":"{\"method\":\"POST\",\"url\":\"/api/v1/public/register\",\"status\":\"400\",\"responseTime\":\"22.788\"}","timestamp":"2024-11-15T13:50:14.168Z"}
{"level":"\u001b[32minfo\u001b[39m","message":"Server is running on port 5000","timestamp":"2024-11-15T13:51:39.805Z"}
{"level":"\u001b[32minfo\u001b[39m","message":"MongoDB Connected: localhost","timestamp":"2024-11-15T13:51:39.817Z"}
{"level":"\u001b[32minfo\u001b[39m","message":"{\"method\":\"POST\",\"url\":\"/api/v1/public/register\",\"status\":\"201\",\"responseTime\":\"3470.970\"}","timestamp":"2024-11-15T13:51:49.586Z"}
{"level":"\u001b[32minfo\u001b[39m","message":"{\"method\":\"POST\",\"url\":\"/api/v1/public/verify-otp\",\"status\":\"200\",\"responseTime\":\"134.920\"}","timestamp":"2024-11-15T13:52:43.042Z"}
{"level":"\u001b[32minfo\u001b[39m","message":"{\"method\":\"POST\",\"url\":\"/api/v1/public/login\",\"status\":\"200\",\"responseTime\":\"93.633\"}","timestamp":"2024-11-15T13:53:03.704Z"}
{"level":"\u001b[32minfo\u001b[39m","message":"{\"method\":\"GET\",\"url\":\"/api/v1/doctors/locations\",\"status\":\"401\",\"responseTime\":\"0.511\"}","timestamp":"2024-11-15T13:53:04.087Z"}
{"level":"\u001b[32minfo\u001b[39m","message":"{\"method\":\"GET\",\"url\":\"/api/v1/doctors\",\"status\":\"401\",\"responseTime\":\"0.305\"}","timestamp":"2024-11-15T13:53:04.099Z"}
{"level":"\u001b[32minfo\u001b[39m","message":"{\"method\":\"GET\",\"url\":\"/api/v1/auth/user\",\"status\":\"200\",\"responseTime\":\"11.521\"}","timestamp":"2024-11-15T13:53:04.215Z"}
