{"level":"info","message":"POST /api/v1/auth/login 200 731.912 ms","timestamp":"2024-11-11T11:19:45.894Z"}
{"level":"info","message":"GET /api/v1/doctors/locations 304 185.031 ms","timestamp":"2024-11-11T11:19:48.148Z"}
{"level":"info","message":"GET /api/v1/auth/user 304 286.442 ms","timestamp":"2024-11-11T11:19:48.252Z"}
{"level":"info","message":"GET /api/v1/doctors 304 630.933 ms","timestamp":"2024-11-11T11:19:48.384Z"}
{"level":"info","message":"GET /api/v1/doctors/locations 304 2.531 ms","timestamp":"2024-11-11T11:20:17.603Z"}
{"level":"info","message":"GET /api/v1/appointments/patient/670ca7995c39e60ad8a27048 304 144.186 ms","timestamp":"2024-11-11T11:20:23.686Z"}
{"level":"info","message":"GET /api/v1/appointments/timeslots?date=2024-11-11&doctorId=66fbfe282169406108a57f94 304 174.817 ms","timestamp":"2024-11-11T11:20:49.489Z"}
{"level":"info","message":"GET /api/v1/appointments/check?doctorId=66fbfe282169406108a57f94&date=2024-11-11&slotId=6724ba1f7d2f39ef4477f73b 200 2.170 ms","timestamp":"2024-11-11T11:20:57.710Z"}
{"level":"info","message":"POST /api/v1/appointments/book 201 361.275 ms","timestamp":"2024-11-11T11:20:58.091Z"}
{"level":"info","message":"PATCH /api/v1/appointments/672a0dd505153b5d4ff63d70 200 4.298 ms","timestamp":"2024-11-11T11:21:17.286Z"}
{"level":"info","message":"GET /api/v1/appointments/patient/670ca7995c39e60ad8a27048 200 22.630 ms","timestamp":"2024-11-11T11:21:17.367Z"}
{"level":"info","message":"GET /api/v1/doctors/locations 304 1.807 ms","timestamp":"2024-11-11T11:21:32.948Z"}
{"level":"info","message":"GET /api/v1/doctors 304 10.700 ms","timestamp":"2024-11-11T11:21:32.961Z"}
{"level":"info","message":"GET /api/v1/auth/user 304 7.087 ms","timestamp":"2024-11-11T11:21:32.980Z"}
{"level":"info","message":"GET /api/v1/appointments/patient/670ca7995c39e60ad8a27048 304 13.252 ms","timestamp":"2024-11-11T11:21:34.182Z"}
{"level":"info","message":"PATCH /api/v1/appointments/672b7c81f511c83d8c57c932 200 1.933 ms","timestamp":"2024-11-11T11:21:47.194Z"}
{"level":"info","message":"GET /api/v1/appointments/patient/670ca7995c39e60ad8a27048 200 12.676 ms","timestamp":"2024-11-11T11:21:47.241Z"}
{"level":"info","message":"GET /api/v1/doctors/locations 304 1.922 ms","timestamp":"2024-11-11T11:22:18.551Z"}
{"level":"info","message":"GET /api/v1/doctors/location/66fbfe282169406108a57f66 304 11.039 ms","timestamp":"2024-11-11T11:22:30.951Z"}
{"level":"info","message":"GET /api/v1/appointments/timeslots?date=2024-11-14&doctorId=66fbfe282169406108a57f94 304 3.373 ms","timestamp":"2024-11-11T11:22:36.927Z"}
